ISim log file
Running: D:\School_repositories\Digital-electronics-1\labs\07_stopwatch\Stopwatch\top_tb00_isim_beh.exe -intstyle ise -gui -tclbatch isim.cmd -wdb D:/School_repositories/Digital-electronics-1/labs/07_stopwatch/Stopwatch/top_tb00_isim_beh.wdb 
ISim P.20131013 (signature 0x7708f090)
This is a Full version of ISim.
Time resolution is 1 ps
# onerror resume
# wave add /
# run 1000 ns
Simulator is doing circuit initialization process.
at 0 ps, Instance /top_tb00/uut/HEX2SSEG/ : Warning: NUMERIC_STD."=": metavalue detected, returning FALSE
at 0 ps, Instance /top_tb00/uut/HEX2SSEG/ : Warning: NUMERIC_STD."=": metavalue detected, returning FALSE
at 0 ps, Instance /top_tb00/uut/HEX2SSEG/ : Warning: NUMERIC_STD."=": metavalue detected, returning FALSE
at 0 ps, Instance /top_tb00/uut/HEX2SSEG/ : Warning: NUMERIC_STD."=": metavalue detected, returning FALSE
at 0 ps, Instance /top_tb00/uut/HEX2SSEG/ : Warning: NUMERIC_STD."=": metavalue detected, returning FALSE
at 0 ps, Instance /top_tb00/uut/HEX2SSEG/ : Warning: NUMERIC_STD."=": metavalue detected, returning FALSE
at 0 ps, Instance /top_tb00/uut/HEX2SSEG/ : Warning: NUMERIC_STD."=": metavalue detected, returning FALSE
at 0 ps, Instance /top_tb00/uut/HEX2SSEG/ : Warning: NUMERIC_STD."=": metavalue detected, returning FALSE
at 0 ps, Instance /top_tb00/uut/HEX2SSEG/ : Warning: NUMERIC_STD."=": metavalue detected, returning FALSE
at 0 ps, Instance /top_tb00/uut/HEX2SSEG/ : Warning: NUMERIC_STD."=": metavalue detected, returning FALSE
Finished circuit initialization process.
# run 10 ms
# run 10 s
