Running: /opt/Xilinx/14.7/ISE_DS/ISE/bin/lin64/unwrapped/fuse -intstyle ise -incremental -lib secureip -o /home/lab661/Documents/xhulaj/Digital-electronics-1/labs/05-binary_counter/binary_counter/top_tb00_isim_beh.exe -prj /home/lab661/Documents/xhulaj/Digital-electronics-1/labs/05-binary_counter/binary_counter/top_tb00_beh.prj top_tb00 
ISim P.20131013 (signature 0xfbc00daa)
Number of CPUs detected in this system: 2
Turning on mult-threading, number of parallel sub-compilation jobs: 4 
Determining compilation order of HDL files
Parsing VHDL file "/home/lab661/Documents/xhulaj/Digital-electronics-1/labs/05-binary_counter/binary_counter/clock_enable.vhd" into library work
Parsing VHDL file "/home/lab661/Documents/xhulaj/Digital-electronics-1/labs/05-binary_counter/binary_counter/binary_cnt.vhd" into library work
Parsing VHDL file "/home/lab661/Documents/xhulaj/Digital-electronics-1/labs/05-binary_counter/binary_counter/../../03-segment/hex_to_segment_hp.vhd" into library work
Parsing VHDL file "/home/lab661/Documents/xhulaj/Digital-electronics-1/labs/05-binary_counter/binary_counter/top.vhd" into library work
Parsing VHDL file "/home/lab661/Documents/xhulaj/Digital-electronics-1/labs/05-binary_counter/binary_counter/top_tb00.vhd" into library work
Starting static elaboration
Completed static elaboration
Fuse Memory Usage: 100592 KB
Fuse CPU Usage: 1230 ms
Compiling package standard
Compiling package std_logic_1164
Compiling package std_logic_arith
Compiling package std_logic_unsigned
Compiling architecture behavioral of entity clock_enable [\clock_enable(('0','0','0','0','...]
Compiling architecture behavioral of entity binary_cnt [\binary_cnt(4)\]
Compiling architecture behavioral of entity hex_to_7seg [hex_to_7seg_default]
Compiling architecture behavioral of entity top [top_default]
Compiling architecture behavior of entity top_tb00
Time Resolution for simulation is 1ps.
Waiting for 2 sub-compilation(s) to finish...
Compiled 13 VHDL Units
Built simulation executable /home/lab661/Documents/xhulaj/Digital-electronics-1/labs/05-binary_counter/binary_counter/top_tb00_isim_beh.exe
Fuse Memory Usage: 410808 KB
Fuse CPU Usage: 1340 ms
GCC CPU Usage: 460 ms
