Release 14.7 - xst P.20131013 (lin64)
Copyright (c) 1995-2013 Xilinx, Inc.  All rights reserved.
--> 
Parameter TMPDIR set to xst/projnav.tmp


Total REAL time to Xst completion: 1.00 secs
Total CPU time to Xst completion: 0.08 secs
 
--> 
Parameter xsthdpdir set to xst


Total REAL time to Xst completion: 1.00 secs
Total CPU time to Xst completion: 0.08 secs
 
--> 
Reading design: top.prj

TABLE OF CONTENTS
  1) Synthesis Options Summary
  2) HDL Parsing
  3) HDL Elaboration
  4) HDL Synthesis
       4.1) HDL Synthesis Report
  5) Advanced HDL Synthesis
       5.1) Advanced HDL Synthesis Report
  6) Low Level Synthesis
  7) Partition Report
  8) Design Summary
       8.1) Primitive and Black Box Usage
       8.2) Device utilization summary
       8.3) Partition Resource Summary
       8.4) Timing Report
            8.4.1) Clock Information
            8.4.2) Asynchronous Control Signals Information
            8.4.3) Timing Summary
            8.4.4) Timing Details
            8.4.5) Cross Clock Domains Report


=========================================================================
*                      Synthesis Options Summary                        *
=========================================================================
---- Source Parameters
Input File Name                    : "top.prj"
Ignore Synthesis Constraint File   : NO

---- Target Parameters
Output File Name                   : "top"
Output Format                      : NGC
Target Device                      : xc7a100t-3-csg324

---- Source Options
Top Module Name                    : top
Automatic FSM Extraction           : YES
FSM Encoding Algorithm             : Auto
Safe Implementation                : No
FSM Style                          : LUT
RAM Extraction                     : Yes
RAM Style                          : Auto
ROM Extraction                     : Yes
Shift Register Extraction          : YES
ROM Style                          : Auto
Resource Sharing                   : YES
Asynchronous To Synchronous        : NO
Shift Register Minimum Size        : 2
Use DSP Block                      : Auto
Automatic Register Balancing       : No

---- Target Options
LUT Combining                      : Auto
Reduce Control Sets                : Auto
Add IO Buffers                     : YES
Global Maximum Fanout              : 100000
Add Generic Clock Buffer(BUFG)     : 32
Register Duplication               : YES
Optimize Instantiated Primitives   : NO
Use Clock Enable                   : Auto
Use Synchronous Set                : Auto
Use Synchronous Reset              : Auto
Pack IO Registers into IOBs        : Auto
Equivalent register Removal        : YES

---- General Options
Optimization Goal                  : Speed
Optimization Effort                : 1
Power Reduction                    : NO
Keep Hierarchy                     : No
Netlist Hierarchy                  : As_Optimized
RTL Output                         : Yes
Global Optimization                : AllClockNets
Read Cores                         : YES
Write Timing Constraints           : NO
Cross Clock Analysis               : NO
Hierarchy Separator                : /
Bus Delimiter                      : <>
Case Specifier                     : Maintain
Slice Utilization Ratio            : 100
BRAM Utilization Ratio             : 100
DSP48 Utilization Ratio            : 100
Auto BRAM Packing                  : NO
Slice Utilization Ratio Delta      : 5

=========================================================================


=========================================================================
*                          HDL Parsing                                  *
=========================================================================
Parsing VHDL file "/home/lab661/Documents/xhulaj/Digital-electronics-1/labs/05-binary_counter/binary_counter/clock_enable.vhd" into library work
Parsing entity <clock_enable>.
Parsing architecture <Behavioral> of entity <clock_enable>.
Parsing VHDL file "/home/lab661/Documents/xhulaj/Digital-electronics-1/labs/05-binary_counter/binary_counter/binary_cnt.vhd" into library work
Parsing entity <binary_cnt>.
Parsing architecture <Behavioral> of entity <binary_cnt>.
Parsing VHDL file "/home/lab661/Documents/xhulaj/Digital-electronics-1/labs/03-segment/hex_to_segment_hp.vhd" into library work
Parsing entity <hex_to_7seg>.
Parsing architecture <Behavioral> of entity <hex_to_7seg>.
Parsing VHDL file "/home/lab661/Documents/xhulaj/Digital-electronics-1/labs/05-binary_counter/binary_counter/top.vhd" into library work
Parsing entity <top>.
Parsing architecture <Behavioral> of entity <top>.

=========================================================================
*                            HDL Elaboration                            *
=========================================================================

Elaborating entity <top> (architecture <Behavioral>) from library <work>.

Elaborating entity <clock_enable> (architecture <Behavioral>) with generics from library <work>.

Elaborating entity <binary_cnt> (architecture <Behavioral>) with generics from library <work>.

Elaborating entity <hex_to_7seg> (architecture <Behavioral>) from library <work>.

=========================================================================
*                           HDL Synthesis                               *
=========================================================================

Synthesizing Unit <top>.
    Related source file is "/home/lab661/Documents/xhulaj/Digital-electronics-1/labs/05-binary_counter/binary_counter/top.vhd".
    Summary:
	no macro.
Unit <top> synthesized.

Synthesizing Unit <clock_enable>.
    Related source file is "/home/lab661/Documents/xhulaj/Digital-electronics-1/labs/05-binary_counter/binary_counter/clock_enable.vhd".
        g_NPERIOD = "0000000000000100"
    Found 1-bit register for signal <clock_enable_o>.
    Found 16-bit register for signal <s_cnt>.
    Found 16-bit adder for signal <s_cnt[15]_GND_6_o_add_1_OUT> created at line 54.
    Found 16-bit comparator greater for signal <n0001> created at line 50
    Summary:
	inferred   1 Adder/Subtractor(s).
	inferred  17 D-type flip-flop(s).
	inferred   1 Comparator(s).
Unit <clock_enable> synthesized.

Synthesizing Unit <binary_cnt>.
    Related source file is "/home/lab661/Documents/xhulaj/Digital-electronics-1/labs/05-binary_counter/binary_counter/binary_cnt.vhd".
        g_NBIT = 4
    Found 4-bit register for signal <s_cnt>.
    Found 4-bit adder for signal <s_cnt[3]_GND_7_o_add_0_OUT> created at line 49.
    Summary:
	inferred   1 Adder/Subtractor(s).
	inferred   4 D-type flip-flop(s).
Unit <binary_cnt> synthesized.

Synthesizing Unit <hex_to_7seg>.
    Related source file is "/home/lab661/Documents/xhulaj/Digital-electronics-1/labs/03-segment/hex_to_segment_hp.vhd".
    Found 16x7-bit Read Only RAM for signal <seg_o>
    Summary:
	inferred   1 RAM(s).
Unit <hex_to_7seg> synthesized.

=========================================================================
HDL Synthesis Report

Macro Statistics
# RAMs                                                 : 1
 16x7-bit single-port Read Only RAM                    : 1
# Adders/Subtractors                                   : 2
 16-bit adder                                          : 1
 4-bit adder                                           : 1
# Registers                                            : 3
 1-bit register                                        : 1
 16-bit register                                       : 1
 4-bit register                                        : 1
# Comparators                                          : 1
 16-bit comparator greater                             : 1

=========================================================================

=========================================================================
*                       Advanced HDL Synthesis                          *
=========================================================================


Synthesizing (advanced) Unit <binary_cnt>.
The following registers are absorbed into counter <s_cnt>: 1 register on signal <s_cnt>.
Unit <binary_cnt> synthesized (advanced).

Synthesizing (advanced) Unit <clock_enable>.
The following registers are absorbed into counter <s_cnt>: 1 register on signal <s_cnt>.
Unit <clock_enable> synthesized (advanced).

Synthesizing (advanced) Unit <hex_to_7seg>.
INFO:Xst:3218 - HDL ADVISOR - The RAM <Mram_seg_o> will be implemented on LUTs either because you have described an asynchronous read or because of currently unsupported block RAM features. If you have described an asynchronous read, making it synchronous would allow you to take advantage of available block RAM resources, for optimized device usage and improved timings. Please refer to your documentation for coding guidelines.
    -----------------------------------------------------------------------
    | ram_type           | Distributed                         |          |
    -----------------------------------------------------------------------
    | Port A                                                              |
    |     aspect ratio   | 16-word x 7-bit                     |          |
    |     weA            | connected to signal <GND>           | high     |
    |     addrA          | connected to signal <hex_i>         |          |
    |     diA            | connected to signal <GND>           |          |
    |     doA            | connected to signal <seg_o>         |          |
    -----------------------------------------------------------------------
Unit <hex_to_7seg> synthesized (advanced).

=========================================================================
Advanced HDL Synthesis Report

Macro Statistics
# RAMs                                                 : 1
 16x7-bit single-port distributed Read Only RAM        : 1
# Counters                                             : 2
 16-bit up counter                                     : 1
 4-bit up counter                                      : 1
# Registers                                            : 1
 Flip-Flops                                            : 1
# Comparators                                          : 1
 16-bit comparator greater                             : 1

=========================================================================

=========================================================================
*                         Low Level Synthesis                           *
=========================================================================

Optimizing unit <top> ...
WARNING:Xst:1293 - FF/Latch <CLOCK_ENABLE0/s_cnt_3> has a constant value of 0 in block <top>. This FF/Latch will be trimmed during the optimization process.
WARNING:Xst:1896 - Due to other FF/Latch trimming, FF/Latch <CLOCK_ENABLE0/s_cnt_2> has a constant value of 0 in block <top>. This FF/Latch will be trimmed during the optimization process.
WARNING:Xst:1896 - Due to other FF/Latch trimming, FF/Latch <CLOCK_ENABLE0/s_cnt_4> has a constant value of 0 in block <top>. This FF/Latch will be trimmed during the optimization process.
WARNING:Xst:1896 - Due to other FF/Latch trimming, FF/Latch <CLOCK_ENABLE0/s_cnt_5> has a constant value of 0 in block <top>. This FF/Latch will be trimmed during the optimization process.
WARNING:Xst:1896 - Due to other FF/Latch trimming, FF/Latch <CLOCK_ENABLE0/s_cnt_8> has a constant value of 0 in block <top>. This FF/Latch will be trimmed during the optimization process.
WARNING:Xst:1896 - Due to other FF/Latch trimming, FF/Latch <CLOCK_ENABLE0/s_cnt_6> has a constant value of 0 in block <top>. This FF/Latch will be trimmed during the optimization process.
WARNING:Xst:1896 - Due to other FF/Latch trimming, FF/Latch <CLOCK_ENABLE0/s_cnt_7> has a constant value of 0 in block <top>. This FF/Latch will be trimmed during the optimization process.
WARNING:Xst:1896 - Due to other FF/Latch trimming, FF/Latch <CLOCK_ENABLE0/s_cnt_9> has a constant value of 0 in block <top>. This FF/Latch will be trimmed during the optimization process.
WARNING:Xst:1896 - Due to other FF/Latch trimming, FF/Latch <CLOCK_ENABLE0/s_cnt_10> has a constant value of 0 in block <top>. This FF/Latch will be trimmed during the optimization process.
WARNING:Xst:1896 - Due to other FF/Latch trimming, FF/Latch <CLOCK_ENABLE0/s_cnt_13> has a constant value of 0 in block <top>. This FF/Latch will be trimmed during the optimization process.
WARNING:Xst:1896 - Due to other FF/Latch trimming, FF/Latch <CLOCK_ENABLE0/s_cnt_11> has a constant value of 0 in block <top>. This FF/Latch will be trimmed during the optimization process.
WARNING:Xst:1896 - Due to other FF/Latch trimming, FF/Latch <CLOCK_ENABLE0/s_cnt_12> has a constant value of 0 in block <top>. This FF/Latch will be trimmed during the optimization process.
WARNING:Xst:1896 - Due to other FF/Latch trimming, FF/Latch <CLOCK_ENABLE0/s_cnt_14> has a constant value of 0 in block <top>. This FF/Latch will be trimmed during the optimization process.
WARNING:Xst:1896 - Due to other FF/Latch trimming, FF/Latch <CLOCK_ENABLE0/s_cnt_15> has a constant value of 0 in block <top>. This FF/Latch will be trimmed during the optimization process.

Mapping all equations...
Building and optimizing final netlist ...
Found area constraint ratio of 100 (+ 5) on block top, actual ratio is 0.

Final Macro Processing ...

=========================================================================
Final Register Report

Macro Statistics
# Registers                                            : 7
 Flip-Flops                                            : 7

=========================================================================

=========================================================================
*                           Partition Report                            *
=========================================================================

Partition Implementation Status
-------------------------------

  No Partitions were found in this design.

-------------------------------

=========================================================================
*                            Design Summary                             *
=========================================================================

Top Level Output File Name         : top.ngc

Primitive and Black Box Usage:
------------------------------
# BELS                             : 21
#      GND                         : 1
#      INV                         : 3
#      LUT1                        : 1
#      LUT2                        : 2
#      LUT3                        : 2
#      LUT4                        : 8
#      MUXCY                       : 1
#      VCC                         : 1
#      XORCY                       : 2
# FlipFlops/Latches                : 7
#      FDR                         : 3
#      FDRE                        : 4
# Clock Buffers                    : 1
#      BUFGP                       : 1
# IO Buffers                       : 12
#      IBUF                        : 1
#      OBUF                        : 11

Device utilization summary:
---------------------------

Selected Device : 7a100tcsg324-3 


Slice Logic Utilization: 
 Number of Slice Registers:               7  out of  126800     0%  
 Number of Slice LUTs:                   16  out of  63400     0%  
    Number used as Logic:                16  out of  63400     0%  

Slice Logic Distribution: 
 Number of LUT Flip Flop pairs used:     16
   Number with an unused Flip Flop:       9  out of     16    56%  
   Number with an unused LUT:             0  out of     16     0%  
   Number of fully used LUT-FF pairs:     7  out of     16    43%  
   Number of unique control sets:         3

IO Utilization: 
 Number of IOs:                          13
 Number of bonded IOBs:                  13  out of    210     6%  

Specific Feature Utilization:
 Number of BUFG/BUFGCTRLs:                1  out of     32     3%  

---------------------------
Partition Resource Summary:
---------------------------

  No Partitions were found in this design.

---------------------------


=========================================================================
Timing Report

NOTE: THESE TIMING NUMBERS ARE ONLY A SYNTHESIS ESTIMATE.
      FOR ACCURATE TIMING INFORMATION PLEASE REFER TO THE TRACE REPORT
      GENERATED AFTER PLACE-and-ROUTE.

Clock Information:
------------------
-----------------------------------+------------------------+-------+
Clock Signal                       | Clock buffer(FF name)  | Load  |
-----------------------------------+------------------------+-------+
clk_i                              | BUFGP                  | 7     |
-----------------------------------+------------------------+-------+

Asynchronous Control Signals Information:
----------------------------------------
No asynchronous control signals found in this design

Timing Summary:
---------------
Speed Grade: -3

   Minimum period: 1.494ns (Maximum Frequency: 669.299MHz)
   Minimum input arrival time before clock: 1.246ns
   Maximum output required time after clock: 1.340ns
   Maximum combinational path delay: No path found

Timing Details:
---------------
All values displayed in nanoseconds (ns)

=========================================================================
Timing constraint: Default period analysis for Clock 'clk_i'
  Clock period: 1.494ns (frequency: 669.299MHz)
  Total number of paths / destination ports: 23 / 13
-------------------------------------------------------------------------
Delay:               1.494ns (Levels of Logic = 3)
  Source:            CLOCK_ENABLE0/s_cnt_0 (FF)
  Destination:       CLOCK_ENABLE0/s_cnt_1 (FF)
  Source Clock:      clk_i rising
  Destination Clock: clk_i rising

  Data Path: CLOCK_ENABLE0/s_cnt_0 to CLOCK_ENABLE0/s_cnt_1
                                Gate     Net
    Cell:in->out      fanout   Delay   Delay  Logical Name (Net Name)
    ----------------------------------------  ------------
     FDR:C->Q              3   0.361   0.289  CLOCK_ENABLE0/s_cnt_0 (CLOCK_ENABLE0/s_cnt_0)
     INV:I->O              1   0.113   0.000  CLOCK_ENABLE0/Mcount_s_cnt_lut<0>_INV_0 (CLOCK_ENABLE0/Mcount_s_cnt_lut<0>)
     MUXCY:S->O            0   0.353   0.000  CLOCK_ENABLE0/Mcount_s_cnt_cy<0> (CLOCK_ENABLE0/Mcount_s_cnt_cy<0>)
     XORCY:CI->O           1   0.370   0.000  CLOCK_ENABLE0/Mcount_s_cnt_xor<1> (Result<1>1)
     FDR:D                     0.008          CLOCK_ENABLE0/s_cnt_1
    ----------------------------------------
    Total                      1.494ns (1.205ns logic, 0.289ns route)
                                       (80.7% logic, 19.3% route)

=========================================================================
Timing constraint: Default OFFSET IN BEFORE for Clock 'clk_i'
  Total number of paths / destination ports: 7 / 7
-------------------------------------------------------------------------
Offset:              1.246ns (Levels of Logic = 2)
  Source:            BTN0 (PAD)
  Destination:       CLOCK_ENABLE0/s_cnt_1 (FF)
  Destination Clock: clk_i rising

  Data Path: BTN0 to CLOCK_ENABLE0/s_cnt_1
                                Gate     Net
    Cell:in->out      fanout   Delay   Delay  Logical Name (Net Name)
    ----------------------------------------  ------------
     IBUF:I->O             2   0.001   0.515  BTN0_IBUF (BTN0_IBUF)
     LUT3:I0->O            2   0.097   0.283  CLOCK_ENABLE0/Mcount_s_cnt_val1 (CLOCK_ENABLE0/Mcount_s_cnt_val)
     FDR:R                     0.349          CLOCK_ENABLE0/s_cnt_0
    ----------------------------------------
    Total                      1.246ns (0.447ns logic, 0.799ns route)
                                       (35.9% logic, 64.1% route)

=========================================================================
Timing constraint: Default OFFSET OUT AFTER for Clock 'clk_i'
  Total number of paths / destination ports: 28 / 7
-------------------------------------------------------------------------
Offset:              1.340ns (Levels of Logic = 2)
  Source:            BINANARY_CNT0/s_cnt_0 (FF)
  Destination:       disp_seg_o<6> (PAD)
  Source Clock:      clk_i rising

  Data Path: BINANARY_CNT0/s_cnt_0 to disp_seg_o<6>
                                Gate     Net
    Cell:in->out      fanout   Delay   Delay  Logical Name (Net Name)
    ----------------------------------------  ------------
     FDRE:C->Q            11   0.361   0.603  BINANARY_CNT0/s_cnt_0 (BINANARY_CNT0/s_cnt_0)
     LUT4:I0->O            1   0.097   0.279  HEXIIIK/Mram_seg_o21 (disp_seg_o_2_OBUF)
     OBUF:I->O                 0.000          disp_seg_o_2_OBUF (disp_seg_o<2>)
    ----------------------------------------
    Total                      1.340ns (0.458ns logic, 0.882ns route)
                                       (34.2% logic, 65.8% route)

=========================================================================

Cross Clock Domains Report:
--------------------------

Clock to Setup on destination clock clk_i
---------------+---------+---------+---------+---------+
               | Src:Rise| Src:Fall| Src:Rise| Src:Fall|
Source Clock   |Dest:Rise|Dest:Rise|Dest:Fall|Dest:Fall|
---------------+---------+---------+---------+---------+
clk_i          |    1.494|         |         |         |
---------------+---------+---------+---------+---------+

=========================================================================


Total REAL time to Xst completion: 14.00 secs
Total CPU time to Xst completion: 11.08 secs
 
--> 


Total memory usage is 510604 kilobytes

Number of errors   :    0 (   0 filtered)
Number of warnings :   14 (   0 filtered)
Number of infos    :    1 (   0 filtered)

