Command line:
   binary_cnt_tb00_isim_beh.exe
     -simmode  gui
     -simrunnum  1
     -socket  54475

Thu Mar  5 08:49:55 2020


 Elaboration Time: 0.02 sec

 Current Memory Usage: 200.217 Meg

 Total Signals          : 9
 Total Nets             : 15
 Total Signal Drivers   : 5
 Total Blocks           : 5
 Total Primitive Blocks : 4
 Total Processes        : 4
 Total Traceable Variables  : 12
 Total Scalar Nets and Variables : 395
Total Line Count : 18

 Total Simulation Time: 0.06 sec

 Current Memory Usage: 275.718 Meg

Thu Mar  5 09:58:46 2020

