Command line:
   clock_enable_tb00_isim_beh.exe
     -simmode  gui
     -simrunnum  0
     -socket  35911

Thu Mar  5 08:42:35 2020


 Elaboration Time: 0.02 sec

 Current Memory Usage: 200.217 Meg

 Total Signals          : 7
 Total Nets             : 19
 Total Signal Drivers   : 3
 Total Blocks           : 5
 Total Primitive Blocks : 4
 Total Processes        : 3
 Total Traceable Variables  : 13
 Total Scalar Nets and Variables : 415
Total Line Count : 16

 Total Simulation Time: 0.03 sec

 Current Memory Usage: 275.718 Meg

Thu Mar  5 08:42:44 2020

