Command line:
   top_isim_beh.exe
     -simmode  gui
     -simrunnum  2
     -socket  58867

Thu Mar  5 09:46:08 2020


 Elaboration Time: 0.04 sec

 Current Memory Usage: 200.221 Meg

 Total Signals          : 17
 Total Nets             : 38
 Total Signal Drivers   : 6
 Total Blocks           : 7
 Total Primitive Blocks : 6
 Total Processes        : 5
 Total Traceable Variables  : 13
 Total Scalar Nets and Variables : 434
Total Line Count : 16

 Total Simulation Time: 0.05 sec

 Current Memory Usage: 275.722 Meg

Thu Mar  5 09:58:26 2020

