Running: C:\Xilinx\14.7\ISE_DS\ISE\bin\nt64\unwrapped\fuse.exe -intstyle ise -incremental -o D:/Xilinx ISE projects/Ultrasonic_range_detector/top_tb00_isim_beh.exe -prj D:/Xilinx ISE projects/Ultrasonic_range_detector/top_tb00_beh.prj work.top_tb00 
ISim P.20131013 (signature 0x7708f090)
Number of CPUs detected in this system: 8
Turning on mult-threading, number of parallel sub-compilation jobs: 16 
Determining compilation order of HDL files
Parsing VHDL file "D:/Xilinx ISE projects/Ultrasonic_range_detector/hex_to_7seg.vhd" into library work
Parsing VHDL file "D:/Xilinx ISE projects/Ultrasonic_range_detector/clock_enable.vhd" into library work
Parsing VHDL file "D:/Xilinx ISE projects/Ultrasonic_range_detector/HC_SR04_driver.vhd" into library work
Parsing VHDL file "D:/Xilinx ISE projects/Ultrasonic_range_detector/driver_7seg.vhd" into library work
Parsing VHDL file "D:/Xilinx ISE projects/Ultrasonic_range_detector/bin_to_bcd.vhd" into library work
Parsing VHDL file "D:/Xilinx ISE projects/Ultrasonic_range_detector/top.vhd" into library work
Parsing VHDL file "D:/Xilinx ISE projects/Ultrasonic_range_detector/top_tb00.vhd" into library work
Starting static elaboration
Completed static elaboration
Compiling package standard
Compiling package std_logic_1164
Compiling package numeric_std
Compiling package std_logic_arith
Compiling package std_logic_unsigned
Compiling architecture behavioral of entity HC_SR04_driver [hc_sr04_driver_default]
Compiling architecture behavioral of entity bin_to_bcd [bin_to_bcd_default]
Compiling architecture behavioral of entity clock_enable [\clock_enable(('0','0','0','0','...]
Compiling architecture behavioral of entity hex_to_7seg [hex_to_7seg_default]
Compiling architecture behavioral of entity driver_7seg [driver_7seg_default]
Compiling architecture rtl of entity top [top_default]
Compiling architecture behavior of entity top_tb00
Time Resolution for simulation is 1ps.
Compiled 18 VHDL Units
Built simulation executable D:/Xilinx ISE projects/Ultrasonic_range_detector/top_tb00_isim_beh.exe
Fuse Memory Usage: 37276 KB
Fuse CPU Usage: 983 ms
